::1 - - [10/May/2022:16:46:43 +0000] "OPTIONS /api/save HTTP/1.1" 200 0 "http://localhost:3000/" "Mozilla/5.0 (Linux; Android 6.0; Nexus 5 Build/MRA58N) AppleWebKit/537.36 (KHTML, like Gecko) Chrome/101.0.4951.54 Mobile Safari/537.36 Edg/101.0.1210.39"
::1 - - [10/May/2022:16:46:43 +0000] "POST /api/save HTTP/1.1" 200 40 "http://localhost:3000/" "Mozilla/5.0 (Linux; Android 6.0; Nexus 5 Build/MRA58N) AppleWebKit/537.36 (KHTML, like Gecko) Chrome/101.0.4951.54 Mobile Safari/537.36 Edg/101.0.1210.39"
::1 - - [10/May/2022:16:47:24 +0000] "OPTIONS /api/save HTTP/1.1" 200 0 "http://localhost:3000/" "Mozilla/5.0 (Linux; Android 6.0; Nexus 5 Build/MRA58N) AppleWebKit/537.36 (KHTML, like Gecko) Chrome/101.0.4951.54 Mobile Safari/537.36 Edg/101.0.1210.39"
::1 - - [10/May/2022:16:47:24 +0000] "POST /api/save HTTP/1.1" 200 61 "http://localhost:3000/" "Mozilla/5.0 (Linux; Android 6.0; Nexus 5 Build/MRA58N) AppleWebKit/537.36 (KHTML, like Gecko) Chrome/101.0.4951.54 Mobile Safari/537.36 Edg/101.0.1210.39"
::1 - - [10/May/2022:16:47:29 +0000] "GET /api/download/393.mp3 HTTP/1.1" 404 52 "http://localhost:3000/" "Mozilla/5.0 (Linux; Android 6.0; Nexus 5 Build/MRA58N) AppleWebKit/537.36 (KHTML, like Gecko) Chrome/101.0.4951.54 Mobile Safari/537.36 Edg/101.0.1210.39"
::1 - - [10/May/2022:16:47:30 +0000] "GET /api/download/393.mp3 HTTP/1.1" 404 52 "http://localhost:3000/" "Mozilla/5.0 (Linux; Android 6.0; Nexus 5 Build/MRA58N) AppleWebKit/537.36 (KHTML, like Gecko) Chrome/101.0.4951.54 Mobile Safari/537.36 Edg/101.0.1210.39"
::1 - - [10/May/2022:16:47:35 +0000] "GET /api/download/393.mp3 HTTP/1.1" 404 52 "http://localhost:3000/" "Mozilla/5.0 (Linux; Android 6.0; Nexus 5 Build/MRA58N) AppleWebKit/537.36 (KHTML, like Gecko) Chrome/101.0.4951.54 Mobile Safari/537.36 Edg/101.0.1210.39"
::1 - - [10/May/2022:16:48:03 +0000] "OPTIONS /api/save HTTP/1.1" 200 0 "http://localhost:3000/" "Mozilla/5.0 (Linux; Android 6.0; Nexus 5 Build/MRA58N) AppleWebKit/537.36 (KHTML, like Gecko) Chrome/101.0.4951.54 Mobile Safari/537.36 Edg/101.0.1210.39"
::1 - - [10/May/2022:16:48:03 +0000] "POST /api/save HTTP/1.1" 200 61 "http://localhost:3000/" "Mozilla/5.0 (Linux; Android 6.0; Nexus 5 Build/MRA58N) AppleWebKit/537.36 (KHTML, like Gecko) Chrome/101.0.4951.54 Mobile Safari/537.36 Edg/101.0.1210.39"
::1 - - [10/May/2022:16:48:04 +0000] "GET /api/download/194.mp3 HTTP/1.1" 404 52 "http://localhost:3000/" "Mozilla/5.0 (Linux; Android 6.0; Nexus 5 Build/MRA58N) AppleWebKit/537.36 (KHTML, like Gecko) Chrome/101.0.4951.54 Mobile Safari/537.36 Edg/101.0.1210.39"
::1 - - [10/May/2022:16:48:05 +0000] "GET /api/download/194.mp3 HTTP/1.1" 404 52 "http://localhost:3000/" "Mozilla/5.0 (Linux; Android 6.0; Nexus 5 Build/MRA58N) AppleWebKit/537.36 (KHTML, like Gecko) Chrome/101.0.4951.54 Mobile Safari/537.36 Edg/101.0.1210.39"
::1 - - [10/May/2022:16:48:10 +0000] "GET /api/download/194.mp3 HTTP/1.1" 404 52 "http://localhost:3000/" "Mozilla/5.0 (Linux; Android 6.0; Nexus 5 Build/MRA58N) AppleWebKit/537.36 (KHTML, like Gecko) Chrome/101.0.4951.54 Mobile Safari/537.36 Edg/101.0.1210.39"
::1 - - [10/May/2022:16:48:35 +0000] "OPTIONS /api/save HTTP/1.1" 200 0 "http://localhost:3000/" "Mozilla/5.0 (Linux; Android 6.0; Nexus 5 Build/MRA58N) AppleWebKit/537.36 (KHTML, like Gecko) Chrome/101.0.4951.54 Mobile Safari/537.36 Edg/101.0.1210.39"
::1 - - [10/May/2022:16:48:36 +0000] "POST /api/save HTTP/1.1" 200 62 "http://localhost:3000/" "Mozilla/5.0 (Linux; Android 6.0; Nexus 5 Build/MRA58N) AppleWebKit/537.36 (KHTML, like Gecko) Chrome/101.0.4951.54 Mobile Safari/537.36 Edg/101.0.1210.39"
::1 - - [10/May/2022:16:48:38 +0000] "GET /api/download/music987 HTTP/1.1" 404 52 "http://localhost:3000/" "Mozilla/5.0 (Linux; Android 6.0; Nexus 5 Build/MRA58N) AppleWebKit/537.36 (KHTML, like Gecko) Chrome/101.0.4951.54 Mobile Safari/537.36 Edg/101.0.1210.39"
::1 - - [10/May/2022:16:48:39 +0000] "GET /api/download/music987 HTTP/1.1" 404 52 "http://localhost:3000/" "Mozilla/5.0 (Linux; Android 6.0; Nexus 5 Build/MRA58N) AppleWebKit/537.36 (KHTML, like Gecko) Chrome/101.0.4951.54 Mobile Safari/537.36 Edg/101.0.1210.39"
::1 - - [10/May/2022:16:48:44 +0000] "GET /api/download/music987 HTTP/1.1" 404 52 "http://localhost:3000/" "Mozilla/5.0 (Windows NT 10.0; Win64; x64) AppleWebKit/537.36 (KHTML, like Gecko) Chrome/101.0.4951.54 Safari/537.36 Edg/101.0.1210.39"
::1 - - [10/May/2022:16:49:18 +0000] "OPTIONS /api/save HTTP/1.1" 200 0 "http://localhost:3000/" "Mozilla/5.0 (Windows NT 10.0; Win64; x64) AppleWebKit/537.36 (KHTML, like Gecko) Chrome/101.0.4951.54 Safari/537.36 Edg/101.0.1210.39"
::1 - - [10/May/2022:16:49:19 +0000] "POST /api/save HTTP/1.1" 200 62 "http://localhost:3000/" "Mozilla/5.0 (Windows NT 10.0; Win64; x64) AppleWebKit/537.36 (KHTML, like Gecko) Chrome/101.0.4951.54 Safari/537.36 Edg/101.0.1210.39"
::1 - - [10/May/2022:16:49:20 +0000] "GET /api/download/music-12 HTTP/1.1" 200 - "http://localhost:3000/" "Mozilla/5.0 (Windows NT 10.0; Win64; x64) AppleWebKit/537.36 (KHTML, like Gecko) Chrome/101.0.4951.54 Safari/537.36 Edg/101.0.1210.39"
::1 - - [10/May/2022:16:50:30 +0000] "GET /api/download/music-12 HTTP/1.1" 200 - "http://localhost:3000/" "Mozilla/5.0 (Windows NT 10.0; Win64; x64) AppleWebKit/537.36 (KHTML, like Gecko) Chrome/101.0.4951.54 Safari/537.36 Edg/101.0.1210.39"
